<?xml version="1.0" encoding="UTF-8"?>
<!-- Generated by org.testng.reporters.JUnitReportReporter -->
<testsuite hostname="DESKTOP-16E76H9" failures="0" tests="1" name="GroupingPractice.Testcase2" time="0.003" errors="0" timestamp="2022-05-10T09:40:34 IST" skipped="0">
  <testcase classname="GroupingPractice.Testcase2" name="test4" time="0.003"/>
  <system-out/>
</testsuite> <!-- GroupingPractice.Testcase2 -->
