<?xml version="1.0" encoding="UTF-8"?>
<!-- Generated by org.testng.reporters.JUnitReportReporter -->
<testsuite hostname="DESKTOP-16E76H9" failures="0" tests="3" name="IntroduceTestNG" time="0.021" errors="0" timestamp="2022-05-01T22:24:28 IST" skipped="0">
  <testcase classname="IntroduceTestNG" name="openurl" time="0.018"/>
  <system-out>
    <![CDATA[url is open]]>
  </system-out>
  <testcase classname="IntroduceTestNG" name="login" time="0.001"/>
  <system-out>
    <![CDATA[login is successful]]>
  </system-out>
  <testcase classname="IntroduceTestNG" name="logout" time="0.002"/>
  <system-out>
    <![CDATA[logout is successful]]>
  </system-out>
</testsuite> <!-- IntroduceTestNG -->
