<?xml version="1.0" encoding="UTF-8"?>
<!-- Generated by org.testng.reporters.JUnitReportReporter -->
<testsuite hostname="DESKTOP-16E76H9" failures="0" tests="1" name="PageFactoryPractice.RegistrationTest" time="6.066" errors="0" timestamp="2022-05-13T15:02:08 IST" skipped="0">
  <testcase classname="PageFactoryPractice.RegistrationTest" name="FacebookRegistrationPageTest" time="6.066"/>
  <system-out>
    <![CDATA[clickFbSignupLink
verifyRegistrationPageFbLogo
verifyRegistrationPageAlreadyAccount
setRegistrationPageFirstName
setRegistrationPageLastName
setRegistrationPageMobNumber
setRegistrationPagePassword
setRegistrationPageBirthDay
setRegistrationPageBirthMonth
setRegistrationPageBirthYear
setRegistrationPageGender
clickRegistrationPageSignupButton]]>
  </system-out>
</testsuite> <!-- PageFactoryPractice.RegistrationTest -->
