<?xml version="1.0" encoding="UTF-8"?>
<!-- Generated by org.testng.reporters.JUnitReportReporter -->
<testsuite hostname="DESKTOP-16E76H9" failures="0" tests="12" name="Parametarization_crossbrowser.AllBrowserTesting" time="61.549" errors="0" timestamp="2022-05-13T08:07:05 IST" skipped="0">
  <testcase classname="Parametarization_crossbrowser.AllBrowserTesting" name="CrossBrowserTesting" time="19.040"/>
  <system-out/>
  <testcase classname="Parametarization_crossbrowser.AllBrowserTesting" name="CrossBrowserTesting" time="37.300"/>
  <system-out/>
  <testcase classname="Parametarization_crossbrowser.AllBrowserTesting" name="verifyCurrentUrl" time="0.029"/>
  <system-out>
    <![CDATA[verifyCurrentUrl]]>
  </system-out>
  <testcase classname="Parametarization_crossbrowser.AllBrowserTesting" name="verifyCurrentUrl" time="0.009"/>
  <system-out>
    <![CDATA[verifyCurrentUrl]]>
  </system-out>
  <testcase classname="Parametarization_crossbrowser.AllBrowserTesting" name="verifyPageTitle" time="0.009"/>
  <system-out>
    <![CDATA[verifyPageTitle]]>
  </system-out>
  <testcase classname="Parametarization_crossbrowser.AllBrowserTesting" name="verifyPageTitle" time="0.017"/>
  <system-out>
    <![CDATA[verifyPageTitle]]>
  </system-out>
  <testcase classname="Parametarization_crossbrowser.AllBrowserTesting" name="verifyUsernameField" time="0.386"/>
  <system-out>
    <![CDATA[verifyUsernameField]]>
  </system-out>
  <testcase classname="Parametarization_crossbrowser.AllBrowserTesting" name="verifyUsernameField" time="1.089"/>
  <system-out>
    <![CDATA[verifyUsernameField]]>
  </system-out>
  <testcase classname="Parametarization_crossbrowser.AllBrowserTesting" name="verifyPasswordField" time="0.364"/>
  <system-out>
    <![CDATA[verifyPasswordField]]>
  </system-out>
  <testcase classname="Parametarization_crossbrowser.AllBrowserTesting" name="verifyPasswordField" time="0.349"/>
  <system-out>
    <![CDATA[verifyPasswordField]]>
  </system-out>
  <testcase classname="Parametarization_crossbrowser.AllBrowserTesting" name="clickLoginButton" time="0.149"/>
  <system-out>
    <![CDATA[clickLoginButton]]>
  </system-out>
  <testcase classname="Parametarization_crossbrowser.AllBrowserTesting" name="clickLoginButton" time="2.808"/>
  <system-out>
    <![CDATA[clickLoginButton]]>
  </system-out>
</testsuite> <!-- Parametarization_crossbrowser.AllBrowserTesting -->
