<?xml version="1.0" encoding="UTF-8"?>
<!-- Generated by org.testng.reporters.JUnitReportReporter -->
<testsuite hostname="DESKTOP-16E76H9" failures="0" tests="2" name="AssertionPractice.SoftAssertPractice" time="0.032" errors="0" timestamp="2022-05-10T13:57:04 IST" skipped="0">
  <testcase classname="AssertionPractice.SoftAssertPractice" name="Test1" time="0.009"/>
  <system-out/>
  <testcase classname="AssertionPractice.SoftAssertPractice" name="Test" time="0.023"/>
  <system-out/>
</testsuite> <!-- AssertionPractice.SoftAssertPractice -->
