<?xml version="1.0" encoding="UTF-8"?>
<!-- Generated by org.testng.reporters.JUnitReportReporter -->
<testsuite hostname="DESKTOP-16E76H9" failures="0" tests="1" name="GroupingPractice.Testcase1" time="0.011" errors="0" timestamp="2022-05-10T09:40:34 IST" skipped="0">
  <testcase classname="GroupingPractice.Testcase1" name="test1" time="0.011"/>
  <system-out/>
</testsuite> <!-- GroupingPractice.Testcase1 -->
