<?xml version="1.0" encoding="UTF-8"?>
<!-- Generated by org.testng.reporters.JUnitReportReporter -->
<testsuite hostname="DESKTOP-16E76H9" failures="0" tests="5" name="KeywordsTestNG.InvocationCountThreadpoolsize" time="670.717" errors="0" timestamp="2022-05-06T11:54:58 IST" skipped="0">
  <testcase classname="KeywordsTestNG.InvocationCountThreadpoolsize" name="openBrowser" time="133.962"/>
  <system-out/>
  <testcase classname="KeywordsTestNG.InvocationCountThreadpoolsize" name="openBrowser" time="133.962"/>
  <system-out/>
  <testcase classname="KeywordsTestNG.InvocationCountThreadpoolsize" name="openBrowser" time="134.001"/>
  <system-out/>
  <testcase classname="KeywordsTestNG.InvocationCountThreadpoolsize" name="openBrowser" time="134.763"/>
  <system-out/>
  <testcase classname="KeywordsTestNG.InvocationCountThreadpoolsize" name="openBrowser" time="134.029"/>
  <system-out/>
</testsuite> <!-- KeywordsTestNG.InvocationCountThreadpoolsize -->
