<?xml version="1.0" encoding="UTF-8"?>
<!-- Generated by org.testng.reporters.JUnitReportReporter -->
<testsuite hostname="DESKTOP-16E76H9" failures="0" tests="3" name="TestAnnotation.Testcase3" time="0.011" errors="0" timestamp="2022-05-04T09:49:47 IST" skipped="0">
  <testcase classname="TestAnnotation.Testcase3" name="m3" time="0.003"/>
  <system-out/>
  <testcase classname="TestAnnotation.Testcase3" name="m2" time="0.004"/>
  <system-out/>
  <testcase classname="TestAnnotation.Testcase3" name="m1" time="0.004"/>
  <system-out/>
</testsuite> <!-- TestAnnotation.Testcase3 -->
