<?xml version="1.0" encoding="UTF-8"?>
<!-- Generated by org.testng.reporters.JUnitReportReporter -->
<testsuite hostname="DESKTOP-16E76H9" failures="0" tests="3" name="ClassAnnotation" time="0.025" errors="0" timestamp="2022-05-02T18:48:36 IST" skipped="0">
  <testcase classname="ClassAnnotation" name="notification" time="0.015"/>
  <system-out/>
  <testcase classname="ClassAnnotation" name="profilepic" time="0.003"/>
  <system-out/>
  <testcase classname="ClassAnnotation" name="homepage" time="0.007"/>
  <system-out/>
</testsuite> <!-- ClassAnnotation -->
