<?xml version="1.0" encoding="UTF-8"?>
<!-- Generated by org.testng.reporters.JUnitReportReporter -->
<testsuite hostname="DESKTOP-16E76H9" failures="0" tests="5" name="KeywordsTestNG.InvocationCountPractice" time="0.024" errors="0" timestamp="2022-05-05T23:33:48 IST" skipped="0">
  <testcase classname="KeywordsTestNG.InvocationCountPractice" name="Homepage" time="0.009"/>
  <system-out/>
  <testcase classname="KeywordsTestNG.InvocationCountPractice" name="Profilepic" time="0.004"/>
  <system-out/>
  <testcase classname="KeywordsTestNG.InvocationCountPractice" name="Profilepic" time="0.005"/>
  <system-out/>
  <testcase classname="KeywordsTestNG.InvocationCountPractice" name="Profilepic" time="0.003"/>
  <system-out/>
  <testcase classname="KeywordsTestNG.InvocationCountPractice" name="Profilepic" time="0.003"/>
  <system-out/>
</testsuite> <!-- KeywordsTestNG.InvocationCountPractice -->
