<?xml version="1.0" encoding="UTF-8"?>
<!-- Generated by org.testng.reporters.JUnitReportReporter -->
<testsuite hostname="DESKTOP-16E76H9" failures="0" tests="5" name="KeywordsTestNG.timeouts" time="2.046" errors="0" timestamp="2022-05-05T23:48:40 IST" skipped="0">
  <testcase classname="KeywordsTestNG.timeouts" name="Homepage" time="2.022"/>
  <system-out/>
  <testcase classname="KeywordsTestNG.timeouts" name="Profilepic" time="0.010"/>
  <system-out/>
  <testcase classname="KeywordsTestNG.timeouts" name="Profilepic" time="0.005"/>
  <system-out/>
  <testcase classname="KeywordsTestNG.timeouts" name="Profilepic" time="0.003"/>
  <system-out/>
  <testcase classname="KeywordsTestNG.timeouts" name="Profilepic" time="0.006"/>
  <system-out/>
</testsuite> <!-- KeywordsTestNG.timeouts -->
