<?xml version="1.0" encoding="UTF-8"?>
<!-- Generated by org.testng.reporters.JUnitReportReporter -->
<testsuite hostname="DESKTOP-16E76H9" failures="0" tests="2" name="KeywordsTestNG.Enabled" time="0.012" errors="0" timestamp="2022-05-05T23:43:42 IST" skipped="1">
  <testcase classname="KeywordsTestNG.Enabled" name="Homepage" time="0.012"/>
  <system-out/>
  <testcase classname="KeywordsTestNG.Enabled" name="Profilepic">
    <skipped/>
  </testcase> <!-- Profilepic -->
  <system-out/>
</testsuite> <!-- KeywordsTestNG.Enabled -->
