<?xml version="1.0" encoding="UTF-8"?>
<!-- Generated by org.testng.reporters.JUnitReportReporter -->
<testsuite hostname="DESKTOP-16E76H9" failures="0" tests="3" name="MethodAnnotation" time="0.044" errors="0" timestamp="2022-05-02T18:44:51 IST" skipped="0">
  <testcase classname="MethodAnnotation" name="notification" time="0.010"/>
  <system-out/>
  <testcase classname="MethodAnnotation" name="profilepic" time="0.018"/>
  <system-out/>
  <testcase classname="MethodAnnotation" name="homepage" time="0.016"/>
  <system-out/>
</testsuite> <!-- MethodAnnotation -->
